{"C:\\Users\\ITCompliance\\Documents\\Amalitech Front End Labs\\Lab-1\\FDTP.js": {"path":"C:\\Users\\ITCompliance\\Documents\\Amalitech Front End Labs\\Lab-1\\FDTP.js","statementMap":{"0":{"start":{"line":6,"column":4},"end":{"line":13,"column":5}},"1":{"start":{"line":7,"column":8},"end":{"line":7,"column":42}},"2":{"start":{"line":10,"column":8},"end":{"line":10,"column":39}},"3":{"start":{"line":11,"column":8},"end":{"line":11,"column":32}},"4":{"start":{"line":12,"column":8},"end":{"line":12,"column":50}},"5":{"start":{"line":14,"column":4},"end":{"line":14,"column":18}},"6":{"start":{"line":19,"column":17},"end":{"line":19,"column":19}},"7":{"start":{"line":20,"column":18},"end":{"line":20,"column":33}},"8":{"start":{"line":21,"column":4},"end":{"line":30,"column":5}},"9":{"start":{"line":22,"column":8},"end":{"line":25,"column":13}},"10":{"start":{"line":22,"column":18},"end":{"line":22,"column":19}},"11":{"start":{"line":23,"column":12},"end":{"line":23,"column":36}},"12":{"start":{"line":24,"column":12},"end":{"line":24,"column":22}},"13":{"start":{"line":26,"column":12},"end":{"line":26,"column":51}},"14":{"start":{"line":29,"column":8},"end":{"line":29,"column":37}},"15":{"start":{"line":31,"column":4},"end":{"line":31,"column":18}},"16":{"start":{"line":33,"column":0},"end":{"line":33,"column":17}},"17":{"start":{"line":37,"column":17},"end":{"line":37,"column":19}},"18":{"start":{"line":38,"column":18},"end":{"line":38,"column":33}},"19":{"start":{"line":39,"column":4},"end":{"line":53,"column":5}},"20":{"start":{"line":40,"column":8},"end":{"line":43,"column":9}},"21":{"start":{"line":40,"column":18},"end":{"line":40,"column":19}},"22":{"start":{"line":41,"column":12},"end":{"line":41,"column":36}},"23":{"start":{"line":42,"column":12},"end":{"line":42,"column":22}},"24":{"start":{"line":44,"column":8},"end":{"line":49,"column":9}},"25":{"start":{"line":45,"column":12},"end":{"line":45,"column":52}},"26":{"start":{"line":48,"column":12},"end":{"line":48,"column":54}},"27":{"start":{"line":52,"column":8},"end":{"line":52,"column":37}},"28":{"start":{"line":54,"column":4},"end":{"line":54,"column":18}},"29":{"start":{"line":56,"column":0},"end":{"line":56,"column":22}},"30":{"start":{"line":60,"column":16},"end":{"line":60,"column":40}},"31":{"start":{"line":61,"column":17},"end":{"line":61,"column":29}},"32":{"start":{"line":62,"column":4},"end":{"line":67,"column":5}},"33":{"start":{"line":63,"column":8},"end":{"line":63,"column":17}},"34":{"start":{"line":65,"column":8},"end":{"line":65,"column":49}},"35":{"start":{"line":66,"column":8},"end":{"line":66,"column":22}},"36":{"start":{"line":69,"column":0},"end":{"line":69,"column":28}},"37":{"start":{"line":76,"column":10},"end":{"line":76,"column":39}},"38":{"start":{"line":78,"column":17},"end":{"line":78,"column":19}},"39":{"start":{"line":79,"column":4},"end":{"line":81,"column":5}},"40":{"start":{"line":79,"column":16},"end":{"line":79,"column":17}},"41":{"start":{"line":80,"column":8},"end":{"line":80,"column":31}},"42":{"start":{"line":82,"column":4},"end":{"line":82,"column":42}},"43":{"start":{"line":83,"column":4},"end":{"line":83,"column":18}},"44":{"start":{"line":85,"column":0},"end":{"line":85,"column":12}},"45":{"start":{"line":89,"column":17},"end":{"line":89,"column":19}},"46":{"start":{"line":90,"column":4},"end":{"line":94,"column":5}},"47":{"start":{"line":90,"column":16},"end":{"line":90,"column":17}},"48":{"start":{"line":91,"column":8},"end":{"line":93,"column":9}},"49":{"start":{"line":92,"column":12},"end":{"line":92,"column":32}},"50":{"start":{"line":95,"column":4},"end":{"line":95,"column":46}},"51":{"start":{"line":96,"column":4},"end":{"line":96,"column":18}},"52":{"start":{"line":98,"column":0},"end":{"line":98,"column":13}},"53":{"start":{"line":101,"column":11},"end":{"line":101,"column":23}},"54":{"start":{"line":103,"column":21},"end":{"line":103,"column":22}},"55":{"start":{"line":104,"column":4},"end":{"line":106,"column":5}},"56":{"start":{"line":104,"column":14},"end":{"line":104,"column":15}},"57":{"start":{"line":105,"column":8},"end":{"line":105,"column":29}},"58":{"start":{"line":107,"column":4},"end":{"line":107,"column":43}},"59":{"start":{"line":108,"column":4},"end":{"line":108,"column":22}},"60":{"start":{"line":110,"column":0},"end":{"line":110,"column":10}},"61":{"start":{"line":113,"column":0},"end":{"line":113,"column":16}},"62":{"start":{"line":115,"column":14},"end":{"line":115,"column":15}},"63":{"start":{"line":116,"column":15},"end":{"line":116,"column":16}},"64":{"start":{"line":117,"column":4},"end":{"line":119,"column":5}},"65":{"start":{"line":117,"column":14},"end":{"line":117,"column":15}},"66":{"start":{"line":118,"column":8},"end":{"line":118,"column":24}},"67":{"start":{"line":120,"column":4},"end":{"line":120,"column":27}},"68":{"start":{"line":121,"column":4},"end":{"line":121,"column":40}},"69":{"start":{"line":122,"column":4},"end":{"line":122,"column":15}},"70":{"start":{"line":124,"column":0},"end":{"line":124,"column":13}},"71":{"start":{"line":132,"column":19},"end":{"line":135,"column":5}},"72":{"start":{"line":136,"column":19},"end":{"line":136,"column":59}},"73":{"start":{"line":137,"column":4},"end":{"line":137,"column":44}},"74":{"start":{"line":138,"column":4},"end":{"line":138,"column":20}},"75":{"start":{"line":140,"column":0},"end":{"line":140,"column":28}},"76":{"start":{"line":144,"column":19},"end":{"line":146,"column":5}},"77":{"start":{"line":147,"column":4},"end":{"line":154,"column":5}},"78":{"start":{"line":148,"column":8},"end":{"line":148,"column":67}},"79":{"start":{"line":149,"column":8},"end":{"line":149,"column":50}},"80":{"start":{"line":151,"column":9},"end":{"line":154,"column":5}},"81":{"start":{"line":152,"column":8},"end":{"line":152,"column":76}},"82":{"start":{"line":153,"column":8},"end":{"line":153,"column":64}},"83":{"start":{"line":156,"column":0},"end":{"line":156,"column":10}},"84":{"start":{"line":160,"column":19},"end":{"line":165,"column":5}},"85":{"start":{"line":167,"column":25},"end":{"line":167,"column":27}},"86":{"start":{"line":168,"column":4},"end":{"line":172,"column":5}},"87":{"start":{"line":168,"column":14},"end":{"line":168,"column":15}},"88":{"start":{"line":169,"column":8},"end":{"line":171,"column":9}},"89":{"start":{"line":170,"column":12},"end":{"line":170,"column":43}},"90":{"start":{"line":173,"column":4},"end":{"line":173,"column":59}},"91":{"start":{"line":174,"column":4},"end":{"line":174,"column":26}},"92":{"start":{"line":176,"column":0},"end":{"line":176,"column":16}},"93":{"start":{"line":185,"column":16},"end":{"line":189,"column":1}},"94":{"start":{"line":186,"column":4},"end":{"line":188,"column":6}},"95":{"start":{"line":187,"column":8},"end":{"line":187,"column":33}},"96":{"start":{"line":196,"column":0},"end":{"line":210,"column":1}}},"fnMap":{"0":{"name":"capitalize","decl":{"start":{"line":4,"column":9},"end":{"line":4,"column":19}},"loc":{"start":{"line":4,"column":26},"end":{"line":15,"column":1}},"line":4},"1":{"name":"reverse","decl":{"start":{"line":18,"column":9},"end":{"line":18,"column":16}},"loc":{"start":{"line":18,"column":23},"end":{"line":32,"column":1}},"line":18},"2":{"name":"isPalindrome","decl":{"start":{"line":36,"column":9},"end":{"line":36,"column":21}},"loc":{"start":{"line":36,"column":28},"end":{"line":55,"column":1}},"line":36},"3":{"name":"wordCount","decl":{"start":{"line":59,"column":9},"end":{"line":59,"column":18}},"loc":{"start":{"line":59,"column":25},"end":{"line":68,"column":1}},"line":59},"4":{"name":"double","decl":{"start":{"line":77,"column":9},"end":{"line":77,"column":15}},"loc":{"start":{"line":77,"column":21},"end":{"line":84,"column":1}},"line":77},"5":{"name":"filterEven","decl":{"start":{"line":88,"column":9},"end":{"line":88,"column":19}},"loc":{"start":{"line":88,"column":43},"end":{"line":97,"column":1}},"line":88},"6":{"name":"sum","decl":{"start":{"line":102,"column":9},"end":{"line":102,"column":12}},"loc":{"start":{"line":102,"column":17},"end":{"line":109,"column":1}},"line":102},"7":{"name":"average","decl":{"start":{"line":114,"column":9},"end":{"line":114,"column":16}},"loc":{"start":{"line":114,"column":21},"end":{"line":123,"column":1}},"line":114},"8":{"name":"fullName","decl":{"start":{"line":131,"column":9},"end":{"line":131,"column":17}},"loc":{"start":{"line":131,"column":24},"end":{"line":139,"column":1}},"line":131},"9":{"name":"isAdult","decl":{"start":{"line":143,"column":9},"end":{"line":143,"column":16}},"loc":{"start":{"line":143,"column":22},"end":{"line":155,"column":1}},"line":143},"10":{"name":"filterByAge","decl":{"start":{"line":159,"column":9},"end":{"line":159,"column":20}},"loc":{"start":{"line":159,"column":28},"end":{"line":175,"column":1}},"line":159},"11":{"name":"(anonymous_11)","decl":{"start":{"line":185,"column":16},"end":{"line":185,"column":17}},"loc":{"start":{"line":185,"column":37},"end":{"line":189,"column":1}},"line":185},"12":{"name":"(anonymous_12)","decl":{"start":{"line":186,"column":11},"end":{"line":186,"column":12}},"loc":{"start":{"line":186,"column":25},"end":{"line":188,"column":5}},"line":186}},"branchMap":{"0":{"loc":{"start":{"line":6,"column":4},"end":{"line":13,"column":5}},"type":"if","locations":[{"start":{"line":6,"column":4},"end":{"line":13,"column":5}},{"start":{"line":9,"column":8},"end":{"line":13,"column":5}}],"line":6},"1":{"loc":{"start":{"line":21,"column":4},"end":{"line":30,"column":5}},"type":"if","locations":[{"start":{"line":21,"column":4},"end":{"line":30,"column":5}},{"start":{"line":28,"column":8},"end":{"line":30,"column":5}}],"line":21},"2":{"loc":{"start":{"line":39,"column":4},"end":{"line":53,"column":5}},"type":"if","locations":[{"start":{"line":39,"column":4},"end":{"line":53,"column":5}},{"start":{"line":51,"column":8},"end":{"line":53,"column":5}}],"line":39},"3":{"loc":{"start":{"line":44,"column":8},"end":{"line":49,"column":9}},"type":"if","locations":[{"start":{"line":44,"column":8},"end":{"line":49,"column":9}},{"start":{"line":47,"column":12},"end":{"line":49,"column":9}}],"line":44},"4":{"loc":{"start":{"line":62,"column":4},"end":{"line":67,"column":5}},"type":"if","locations":[{"start":{"line":62,"column":4},"end":{"line":67,"column":5}},{"start":{"line":64,"column":11},"end":{"line":67,"column":5}}],"line":62},"5":{"loc":{"start":{"line":62,"column":7},"end":{"line":62,"column":38}},"type":"binary-expr","locations":[{"start":{"line":62,"column":7},"end":{"line":62,"column":19}},{"start":{"line":62,"column":23},"end":{"line":62,"column":38}}],"line":62},"6":{"loc":{"start":{"line":88,"column":20},"end":{"line":88,"column":41}},"type":"default-arg","locations":[{"start":{"line":88,"column":24},"end":{"line":88,"column":41}}],"line":88},"7":{"loc":{"start":{"line":91,"column":8},"end":{"line":93,"column":9}},"type":"if","locations":[{"start":{"line":91,"column":8},"end":{"line":93,"column":9}},{"start":{},"end":{}}],"line":91},"8":{"loc":{"start":{"line":147,"column":4},"end":{"line":154,"column":5}},"type":"if","locations":[{"start":{"line":147,"column":4},"end":{"line":154,"column":5}},{"start":{"line":151,"column":9},"end":{"line":154,"column":5}}],"line":147},"9":{"loc":{"start":{"line":151,"column":9},"end":{"line":154,"column":5}},"type":"if","locations":[{"start":{"line":151,"column":9},"end":{"line":154,"column":5}},{"start":{},"end":{}}],"line":151},"10":{"loc":{"start":{"line":169,"column":8},"end":{"line":171,"column":9}},"type":"if","locations":[{"start":{"line":169,"column":8},"end":{"line":171,"column":9}},{"start":{},"end":{}}],"line":169}},"s":{"0":1,"1":0,"2":1,"3":1,"4":1,"5":1,"6":2,"7":2,"8":2,"9":2,"10":2,"11":11,"12":11,"13":2,"14":0,"15":2,"16":1,"17":2,"18":2,"19":2,"20":2,"21":2,"22":10,"23":10,"24":2,"25":1,"26":1,"27":0,"28":2,"29":1,"30":2,"31":2,"32":2,"33":0,"34":2,"35":2,"36":1,"37":1,"38":2,"39":2,"40":2,"41":12,"42":2,"43":2,"44":1,"45":3,"46":3,"47":3,"48":20,"49":10,"50":3,"51":3,"52":1,"53":1,"54":3,"55":3,"56":3,"57":17,"58":3,"59":3,"60":1,"61":1,"62":2,"63":2,"64":2,"65":2,"66":8,"67":2,"68":2,"69":2,"70":1,"71":2,"72":2,"73":2,"74":2,"75":1,"76":3,"77":3,"78":1,"79":1,"80":2,"81":2,"82":2,"83":1,"84":2,"85":2,"86":2,"87":2,"88":8,"89":4,"90":2,"91":2,"92":1,"93":1,"94":1,"95":0,"96":1},"f":{"0":1,"1":2,"2":2,"3":2,"4":2,"5":3,"6":3,"7":2,"8":2,"9":3,"10":2,"11":1,"12":0},"b":{"0":[0,1],"1":[2,0],"2":[2,0],"3":[1,1],"4":[0,2],"5":[2,0],"6":[2],"7":[10,10],"8":[1,2],"9":[2,0],"10":[4,4]},"_coverageSchema":"1a1c01bbd47fc00a2c39e90264f33305004495a9","hash":"7e3b1c6b034c3c3f7f500a3468ff2f507fe55361"}
}
