TN:
SF:FDTP.js
FN:4,capitalize
FN:18,reverse
FN:36,isPalindrome
FN:59,wordCount
FN:77,double
FN:88,filterEven
FN:102,sum
FN:114,average
FN:131,fullName
FN:143,isAdult
FN:159,filterByAge
FN:185,(anonymous_11)
FN:186,(anonymous_12)
FNF:13
FNH:12
FNDA:1,capitalize
FNDA:2,reverse
FNDA:2,isPalindrome
FNDA:2,wordCount
FNDA:2,double
FNDA:3,filterEven
FNDA:3,sum
FNDA:2,average
FNDA:2,fullName
FNDA:3,isAdult
FNDA:2,filterByAge
FNDA:1,(anonymous_11)
FNDA:0,(anonymous_12)
DA:6,1
DA:7,0
DA:10,1
DA:11,1
DA:12,1
DA:14,1
DA:19,2
DA:20,2
DA:21,2
DA:22,2
DA:23,11
DA:24,11
DA:26,2
DA:29,0
DA:31,2
DA:33,1
DA:37,2
DA:38,2
DA:39,2
DA:40,2
DA:41,10
DA:42,10
DA:44,2
DA:45,1
DA:48,1
DA:52,0
DA:54,2
DA:56,1
DA:60,2
DA:61,2
DA:62,2
DA:63,0
DA:65,2
DA:66,2
DA:69,1
DA:76,1
DA:78,2
DA:79,2
DA:80,12
DA:82,2
DA:83,2
DA:85,1
DA:89,3
DA:90,3
DA:91,20
DA:92,10
DA:95,3
DA:96,3
DA:98,1
DA:101,1
DA:103,3
DA:104,3
DA:105,17
DA:107,3
DA:108,3
DA:110,1
DA:113,1
DA:115,2
DA:116,2
DA:117,2
DA:118,8
DA:120,2
DA:121,2
DA:122,2
DA:124,1
DA:132,2
DA:136,2
DA:137,2
DA:138,2
DA:140,1
DA:144,3
DA:147,3
DA:148,1
DA:149,1
DA:151,2
DA:152,2
DA:153,2
DA:156,1
DA:160,2
DA:167,2
DA:168,2
DA:169,8
DA:170,4
DA:173,2
DA:174,2
DA:176,1
DA:185,1
DA:186,1
DA:187,0
DA:196,1
LF:90
LH:85
BRDA:6,0,0,0
BRDA:6,0,1,1
BRDA:21,1,0,2
BRDA:21,1,1,0
BRDA:39,2,0,2
BRDA:39,2,1,0
BRDA:44,3,0,1
BRDA:44,3,1,1
BRDA:62,4,0,0
BRDA:62,4,1,2
BRDA:62,5,0,2
BRDA:62,5,1,0
BRDA:88,6,0,2
BRDA:91,7,0,10
BRDA:91,7,1,10
BRDA:147,8,0,1
BRDA:147,8,1,2
BRDA:151,9,0,2
BRDA:151,9,1,0
BRDA:169,10,0,4
BRDA:169,10,1,4
BRF:21
BRH:15
end_of_record
